<?xml version="1.0" encoding="utf-8"?><testsuites name="pytest tests"><testsuite name="pytest" errors="0" failures="0" skipped="25" tests="105" time="24.875" timestamp="2025-10-23T20:37:16.453970-06:00" hostname="aiserver-02"><testcase classname="tests.fixtures.test_fixtures_validation" name="test_test_config_has_real_urls" time="0.904" /><testcase classname="tests.fixtures.test_fixtures_validation" name="test_performance_thresholds_are_lenient" time="0.001" /><testcase classname="tests.fixtures.test_fixtures_validation" name="test_fixture_implementation_summary" time="0.001" /><testcase classname="tests.unit.test_api_routes.TestCacheRoutes" name="test_get_cache_stats_success" time="0.124" /><testcase classname="tests.unit.test_api_routes.TestCacheRoutes" name="test_cache_stats_reset" time="0.109" /><testcase classname="tests.unit.test_api_routes.TestCacheRoutes" name="test_invalidate_cache_specific_case" time="0.794" /><testcase classname="tests.unit.test_api_routes.TestCacheRoutes" name="test_cache_warmup_batch" time="1.647" /><testcase classname="tests.unit.test_api_routes.TestCacheRoutes" name="test_get_cache_config" time="0.164" /><testcase classname="tests.unit.test_api_routes.TestCacheRoutes" name="test_cache_health_check" time="0.107" /><testcase classname="tests.unit.test_api_routes.TestHealthRoutes" name="test_root_endpoint" time="0.004" /><testcase classname="tests.unit.test_api_routes.TestHealthRoutes" name="test_health_endpoint" time="0.006" /><testcase classname="tests.unit.test_api_routes.TestHealthRoutes" name="test_metrics_endpoint" time="0.008" /><testcase classname="tests.unit.test_cache_manager.TestCacheEntry" name="test_cache_entry_creation" time="0.001" /><testcase classname="tests.unit.test_cache_manager.TestCacheEntry" name="test_cache_entry_expiration" time="0.001" /><testcase classname="tests.unit.test_cache_manager.TestCacheEntry" name="test_cache_entry_hit_tracking" time="0.001" /><testcase classname="tests.unit.test_cache_manager.TestCacheEntry" name="test_cache_entry_no_expiration_when_future" time="0.001" /><testcase classname="tests.unit.test_cache_manager.TestLRUCache" name="test_lru_cache_creation" time="0.001" /><testcase classname="tests.unit.test_cache_manager.TestLRUCache" name="test_lru_cache_set_and_get" time="0.001" /><testcase classname="tests.unit.test_cache_manager.TestLRUCache" name="test_lru_cache_get_nonexistent_key" time="0.001" /><testcase classname="tests.unit.test_cache_manager.TestLRUCache" name="test_lru_cache_ttl_expiration" time="1.101" /><testcase classname="tests.unit.test_cache_manager.TestLRUCache" name="test_lru_cache_eviction_policy" time="0.001" /><testcase classname="tests.unit.test_cache_manager.TestLRUCache" name="test_lru_cache_move_to_end_on_get" time="0.001" /><testcase classname="tests.unit.test_cache_manager.TestLRUCache" name="test_lru_cache_delete" time="0.001" /><testcase classname="tests.unit.test_cache_manager.TestLRUCache" name="test_lru_cache_delete_nonexistent_key" time="0.001" /><testcase classname="tests.unit.test_cache_manager.TestLRUCache" name="test_lru_cache_clear" time="0.001" /><testcase classname="tests.unit.test_cache_manager.TestLRUCache" name="test_lru_cache_size" time="0.001" /><testcase classname="tests.unit.test_cache_manager.TestLRUCache" name="test_lru_cache_get_stats" time="0.001" /><testcase classname="tests.unit.test_cache_manager.TestCacheManager" name="test_cache_manager_creation" time="0.079"><skipped type="pytest.skip" message="Supabase database unavailable: 'coroutine' object has no attribute 'count'">/srv/luris/be/context-engine-service/tests/unit/test_cache_manager.py:239: Supabase database unavailable: 'coroutine' object has no attribute 'count'</skipped></testcase><testcase classname="tests.unit.test_cache_manager.TestCacheManager" name="test_cache_key_generation" time="0.000"><skipped type="pytest.skip" message="Supabase database unavailable: 'coroutine' object has no attribute 'count'">/srv/luris/be/context-engine-service/tests/unit/test_cache_manager.py:248: Supabase database unavailable: 'coroutine' object has no attribute 'count'</skipped></testcase><testcase classname="tests.unit.test_cache_manager.TestCacheManager" name="test_cache_key_hash_includes_params" time="0.000"><skipped type="pytest.skip" message="Supabase database unavailable: 'coroutine' object has no attribute 'count'">/srv/luris/be/context-engine-service/tests/unit/test_cache_manager.py:263: Supabase database unavailable: 'coroutine' object has no attribute 'count'</skipped></testcase><testcase classname="tests.unit.test_cache_manager.TestCacheManager" name="test_cache_set_and_get_memory" time="0.000"><skipped type="pytest.skip" message="Supabase database unavailable: 'coroutine' object has no attribute 'count'">/srv/luris/be/context-engine-service/tests/unit/test_cache_manager.py:281: Supabase database unavailable: 'coroutine' object has no attribute 'count'</skipped></testcase><testcase classname="tests.unit.test_cache_manager.TestCacheManager" name="test_cache_get_miss" time="0.000"><skipped type="pytest.skip" message="Supabase database unavailable: 'coroutine' object has no attribute 'count'">/srv/luris/be/context-engine-service/tests/unit/test_cache_manager.py:305: Supabase database unavailable: 'coroutine' object has no attribute 'count'</skipped></testcase><testcase classname="tests.unit.test_cache_manager.TestCacheManager" name="test_cache_delete" time="0.000"><skipped type="pytest.skip" message="Supabase database unavailable: 'coroutine' object has no attribute 'count'">/srv/luris/be/context-engine-service/tests/unit/test_cache_manager.py:323: Supabase database unavailable: 'coroutine' object has no attribute 'count'</skipped></testcase><testcase classname="tests.unit.test_cache_manager.TestCacheManager" name="test_cache_invalidate_case_all_scopes" time="0.000"><skipped type="pytest.skip" message="Supabase database unavailable: 'coroutine' object has no attribute 'count'">/srv/luris/be/context-engine-service/tests/unit/test_cache_manager.py:356: Supabase database unavailable: 'coroutine' object has no attribute 'count'</skipped></testcase><testcase classname="tests.unit.test_cache_manager.TestCacheManager" name="test_cache_ttl_based_on_case_status" time="0.000"><skipped type="pytest.skip" message="Supabase database unavailable: 'coroutine' object has no attribute 'count'">/srv/luris/be/context-engine-service/tests/unit/test_cache_manager.py:389: Supabase database unavailable: 'coroutine' object has no attribute 'count'</skipped></testcase><testcase classname="tests.unit.test_cache_manager.TestCacheManager" name="test_cache_stats" time="0.000"><skipped type="pytest.skip" message="Supabase database unavailable: 'coroutine' object has no attribute 'count'">/srv/luris/be/context-engine-service/tests/unit/test_cache_manager.py:412: Supabase database unavailable: 'coroutine' object has no attribute 'count'</skipped></testcase><testcase classname="tests.unit.test_cache_manager.TestCacheManager" name="test_cache_reset_stats" time="0.000"><skipped type="pytest.skip" message="Supabase database unavailable: 'coroutine' object has no attribute 'count'">/srv/luris/be/context-engine-service/tests/unit/test_cache_manager.py:423: Supabase database unavailable: 'coroutine' object has no attribute 'count'</skipped></testcase><testcase classname="tests.unit.test_cache_manager.TestCacheManager" name="test_create_cache_manager_factory" time="0.000"><skipped type="pytest.skip" message="Supabase database unavailable: 'coroutine' object has no attribute 'count'">/srv/luris/be/context-engine-service/tests/unit/test_cache_manager.py:438: Supabase database unavailable: 'coroutine' object has no attribute 'count'</skipped></testcase><testcase classname="tests.unit.test_cache_manager.TestCacheManagerEdgeCases" name="test_cache_handles_empty_value" time="0.000"><skipped type="pytest.skip" message="Supabase database unavailable: 'coroutine' object has no attribute 'count'">/srv/luris/be/context-engine-service/tests/unit/test_cache_manager.py:455: Supabase database unavailable: 'coroutine' object has no attribute 'count'</skipped></testcase><testcase classname="tests.unit.test_cache_manager.TestCacheManagerEdgeCases" name="test_cache_handles_large_value" time="0.000"><skipped type="pytest.skip" message="Supabase database unavailable: 'coroutine' object has no attribute 'count'">/srv/luris/be/context-engine-service/tests/unit/test_cache_manager.py:479: Supabase database unavailable: 'coroutine' object has no attribute 'count'</skipped></testcase><testcase classname="tests.unit.test_cache_manager.TestCacheManagerEdgeCases" name="test_cache_delete_nonexistent" time="0.001"><skipped type="pytest.skip" message="Supabase database unavailable: 'coroutine' object has no attribute 'count'">/srv/luris/be/context-engine-service/tests/unit/test_cache_manager.py:505: Supabase database unavailable: 'coroutine' object has no attribute 'count'</skipped></testcase><testcase classname="tests.unit.test_cache_manager.TestCacheManagerEdgeCases" name="test_cache_invalidate_case_empty" time="0.000"><skipped type="pytest.skip" message="Supabase database unavailable: 'coroutine' object has no attribute 'count'">/srv/luris/be/context-engine-service/tests/unit/test_cache_manager.py:519: Supabase database unavailable: 'coroutine' object has no attribute 'count'</skipped></testcase><testcase classname="tests.unit.test_cache_manager.TestCacheManagerEdgeCases" name="test_cache_hit_rate_tracking" time="0.000"><skipped type="pytest.skip" message="Supabase database unavailable: 'coroutine' object has no attribute 'count'">/srv/luris/be/context-engine-service/tests/unit/test_cache_manager.py:532: Supabase database unavailable: 'coroutine' object has no attribute 'count'</skipped></testcase><testcase classname="tests.unit.test_cache_manager.TestCacheManagerEdgeCases" name="test_cache_ttl_expiration" time="0.000"><skipped type="pytest.skip" message="Supabase database unavailable: 'coroutine' object has no attribute 'count'">/srv/luris/be/context-engine-service/tests/unit/test_cache_manager.py:553: Supabase database unavailable: 'coroutine' object has no attribute 'count'</skipped></testcase><testcase classname="tests.unit.test_cache_manager.TestCacheManagerEdgeCases" name="test_cache_handles_none_value" time="0.000"><skipped type="pytest.skip" message="Supabase database unavailable: 'coroutine' object has no attribute 'count'">/srv/luris/be/context-engine-service/tests/unit/test_cache_manager.py:583: Supabase database unavailable: 'coroutine' object has no attribute 'count'</skipped></testcase><testcase classname="tests.unit.test_cache_manager.TestCacheManagerEdgeCases" name="test_cache_handles_complex_objects" time="0.000"><skipped type="pytest.skip" message="Supabase database unavailable: 'coroutine' object has no attribute 'count'">/srv/luris/be/context-engine-service/tests/unit/test_cache_manager.py:604: Supabase database unavailable: 'coroutine' object has no attribute 'count'</skipped></testcase><testcase classname="tests.unit.test_cache_manager.TestCacheManagerEdgeCases" name="test_cache_key_validation" time="0.001"><skipped type="pytest.skip" message="Supabase database unavailable: 'coroutine' object has no attribute 'count'">/srv/luris/be/context-engine-service/tests/unit/test_cache_manager.py:642: Supabase database unavailable: 'coroutine' object has no attribute 'count'</skipped></testcase><testcase classname="tests.unit.test_cache_manager.TestCacheManagerEdgeCases" name="test_cache_lru_eviction" time="0.000"><skipped type="pytest.skip" message="Supabase database unavailable: 'coroutine' object has no attribute 'count'">/srv/luris/be/context-engine-service/tests/unit/test_cache_manager.py:663: Supabase database unavailable: 'coroutine' object has no attribute 'count'</skipped></testcase><testcase classname="tests.unit.test_cache_manager.TestCacheManagerEdgeCases" name="test_cache_size_tracking" time="0.000"><skipped type="pytest.skip" message="Supabase database unavailable: 'coroutine' object has no attribute 'count'">/srv/luris/be/context-engine-service/tests/unit/test_cache_manager.py:688: Supabase database unavailable: 'coroutine' object has no attribute 'count'</skipped></testcase><testcase classname="tests.unit.test_context_builder.TestContextBuilderInit" name="test_init" time="0.078" /><testcase classname="tests.unit.test_context_builder.TestContextBuilderInit" name="test_factory_function" time="0.092" /><testcase classname="tests.unit.test_context_builder.TestScopeDetermination" name="test_minimal_scope" time="0.077" /><testcase classname="tests.unit.test_context_builder.TestScopeDetermination" name="test_standard_scope" time="0.076" /><testcase classname="tests.unit.test_context_builder.TestScopeDetermination" name="test_comprehensive_scope" time="0.077" /><testcase classname="tests.unit.test_context_builder.TestScopeDetermination" name="test_explicit_dimensions" time="0.078" /><testcase classname="tests.unit.test_context_builder.TestScopeDetermination" name="test_invalid_scope" time="0.133" /><testcase classname="tests.unit.test_context_builder.TestScopeDetermination" name="test_invalid_dimension_name" time="0.077" /><testcase classname="tests.unit.test_context_builder.TestBuildContext" name="test_build_minimal_context" time="0.673" /><testcase classname="tests.unit.test_context_builder.TestBuildContext" name="test_build_standard_context" time="0.862" /><testcase classname="tests.unit.test_context_builder.TestBuildContext" name="test_build_comprehensive_context" time="0.951"><skipped type="pytest.skip" message="Case case-123 not found">/srv/luris/be/context-engine-service/tests/unit/test_context_builder.py:266: Case case-123 not found</skipped></testcase><testcase classname="tests.unit.test_context_builder.TestBuildContext" name="test_build_selective_dimensions" time="0.687" /><testcase classname="tests.unit.test_context_builder.TestParallelExecution" name="test_dimensions_built_in_parallel" time="0.740" /><testcase classname="tests.unit.test_context_builder.TestQualityScoring" name="test_score_dimension_who" time="0.122" /><testcase classname="tests.unit.test_context_builder.TestQualityScoring" name="test_score_dimension_what" time="0.078" /><testcase classname="tests.unit.test_context_builder.TestQualityScoring" name="test_score_dimension_where" time="0.077" /><testcase classname="tests.unit.test_context_builder.TestQualityScoring" name="test_calculate_context_score" time="0.077" /><testcase classname="tests.unit.test_context_builder.TestQualityScoring" name="test_calculate_context_score_with_failures" time="0.084" /><testcase classname="tests.unit.test_context_builder.TestErrorHandling" name="test_graceful_degradation_on_analyzer_failure" time="0.866" /><testcase classname="tests.unit.test_context_builder.TestDimensionQuality" name="test_get_dimension_quality" time="0.651" /><testcase classname="tests.unit.test_context_builder.TestDimensionQuality" name="test_get_dimension_quality_invalid_dimension" time="0.134" /><testcase classname="tests.unit.test_context_builder.TestDimensionRefresh" name="test_refresh_dimension" time="0.616" /><testcase classname="tests.unit.test_context_builder.TestDimensionRefresh" name="test_refresh_dimension_invalid" time="0.138" /><testcase classname="tests.unit.test_context_builder.TestHelperMethods" name="test_get_case_name" time="0.077" /><testcase classname="tests.unit.test_context_builder.TestHelperMethods" name="test_get_case_name_fallback" time="0.077" /><testcase classname="tests.unit.test_context_builder.TestHelperMethods" name="test_count_data_points_who" time="0.078" /><testcase classname="tests.unit.test_context_builder.TestHelperMethods" name="test_count_data_points_none" time="0.080" /><testcase classname="tests.unit.test_context_builder.TestCaseIsolation" name="test_case_isolation" time="1.104" /><testcase classname="tests.unit.test_dimension_analyzer.TestWhoAnalyzer" name="test_who_analyzer_initialization" time="0.160" /><testcase classname="tests.unit.test_dimension_analyzer.TestWhoAnalyzer" name="test_who_analyze_real_case" time="0.684" /><testcase classname="tests.unit.test_dimension_analyzer.TestWhoAnalyzer" name="test_who_empty_case" time="0.602" /><testcase classname="tests.unit.test_dimension_analyzer.TestWhatAnalyzer" name="test_what_analyzer_initialization" time="0.131" /><testcase classname="tests.unit.test_dimension_analyzer.TestWhatAnalyzer" name="test_what_analyze_real_case" time="0.389" /><testcase classname="tests.unit.test_dimension_analyzer.TestWhereAnalyzer" name="test_where_analyzer_initialization" time="0.136" /><testcase classname="tests.unit.test_dimension_analyzer.TestWhereAnalyzer" name="test_where_analyze_real_case" time="0.233" /><testcase classname="tests.unit.test_dimension_analyzer.TestWhenAnalyzer" name="test_when_analyzer_initialization" time="0.137" /><testcase classname="tests.unit.test_dimension_analyzer.TestWhenAnalyzer" name="test_when_analyze_real_case" time="0.279" /><testcase classname="tests.unit.test_dimension_analyzer.TestWhyAnalyzer" name="test_why_analyzer_initialization" time="0.137" /><testcase classname="tests.unit.test_dimension_analyzer.TestWhyAnalyzer" name="test_why_analyze_real_case" time="0.238" /><testcase classname="tests.unit.test_dimension_analyzer.TestDimensionAnalyzerIntegration" name="test_all_analyzers_real_case" time="1.460" /><testcase classname="tests.unit.test_graphrag_client.TestResponseModels" name="test_graph_entity_validation" time="0.003" /><testcase classname="tests.unit.test_graphrag_client.TestResponseModels" name="test_graph_entity_uppercase_type" time="0.002" /><testcase classname="tests.unit.test_graphrag_client.TestResponseModels" name="test_graph_relationship_validation" time="0.002" /><testcase classname="tests.unit.test_graphrag_client.TestResponseModels" name="test_graph_community_validation" time="0.002" /><testcase classname="tests.unit.test_graphrag_client.TestClientInitialization" name="test_client_initialization" time="0.060" /><testcase classname="tests.unit.test_graphrag_client.TestClientInitialization" name="test_client_custom_config" time="0.038" /><testcase classname="tests.unit.test_graphrag_client.TestClientInitialization" name="test_factory_function" time="0.026" /><testcase classname="tests.unit.test_graphrag_client.TestRealServiceIntegration" name="test_real_health_check" time="0.228" /><testcase classname="tests.unit.test_graphrag_client.TestRealServiceIntegration" name="test_real_graph_stats" time="1.627" /><testcase classname="tests.unit.test_graphrag_client.TestRealServiceIntegration" name="test_real_graph_stats_case_specific" time="1.660" /><testcase classname="tests.unit.test_graphrag_client.TestRealServiceIntegration" name="test_real_case_query" time="0.184"><skipped type="pytest.skip" message="Case case-123 not found in GraphRAG">/srv/luris/be/context-engine-service/tests/unit/test_graphrag_client.py:314: Case case-123 not found in GraphRAG</skipped></testcase><testcase classname="tests.unit.test_graphrag_client.TestRealServiceIntegration" name="test_real_legal_research" time="0.141"><skipped type="pytest.skip" message="Legal research endpoint not available: Client error '404 Not Found' for url 'http://10.10.0.87:8010/api/v1/graphrag/query'&#10;For more information check: https://developer.mozilla.org/en-US/docs/Web/HTTP/Status/404">/srv/luris/be/context-engine-service/tests/unit/test_graphrag_client.py:340: Legal research endpoint not available: Client error '404 Not Found' for url 'http://10.10.0.87:8010/api/v1/graphrag/query'
For more information check: https://developer.mozilla.org/en-US/docs/Web/HTTP/Status/404</skipped></testcase><testcase classname="tests.unit.test_graphrag_client.TestRealServiceIntegration" name="test_case_id_validation" time="0.127" /><testcase classname="tests.unit.test_graphrag_client.TestRealServiceIntegration" name="test_get_case_entities_validation" time="0.117" /><testcase classname="tests.unit.test_graphrag_client.TestContextManager" name="test_context_manager_usage" time="0.151" /><testcase classname="tests.unit.test_graphrag_client.TestContextManager" name="test_manual_close" time="0.029" /></testsuite></testsuites>